2024-06-22 14:46:08,201 [Worker-4: Loading available Gradle versions] INFO  o.e.b.c.i.u.g.PublishedGradleVersions - Gradle version information cache is up-to-date. Trying to read.
2024-06-22 14:50:35,512 [ModalContext] WARN  o.e.m.c.i.embedder.EclipseLogger - The POM for ar.edu.unlp.info.oo1:objetos-uno:jar:1.0.0 is missing, no dependency information available
2024-06-22 14:51:11,205 [Worker-15: Launching mavenrun-80307c7b-f33b-4642-b3a1-19374cff1ac6] INFO  o.eclipse.m2e.core.internal.Bundles - getClasspathEntries(Bundle=org.eclipse.m2e.maven.runtime_3.8.604.20221130-2149 [267])
2024-06-22 14:51:11,209 [Worker-15: Launching mavenrun-80307c7b-f33b-4642-b3a1-19374cff1ac6] INFO  o.eclipse.m2e.core.internal.Bundles - 	Entry: C:\Users\DELL\.p2\pool\plugins\org.eclipse.m2e.maven.runtime_3.8.604.20221130-2149
2024-06-22 14:51:11,215 [Worker-15: Launching mavenrun-80307c7b-f33b-4642-b3a1-19374cff1ac6] INFO  o.eclipse.m2e.core.internal.Bundles - 	Entry: C:\Users\DELL\.p2\pool\plugins\org.eclipse.m2e.maven.runtime_3.8.604.20221130-2149\jars\aether-connector-okhttp-0.17.8.jar
2024-06-22 14:51:11,215 [Worker-15: Launching mavenrun-80307c7b-f33b-4642-b3a1-19374cff1ac6] INFO  o.eclipse.m2e.core.internal.Bundles - 	Entry: C:\Users\DELL\.p2\pool\plugins\org.eclipse.m2e.maven.runtime_3.8.604.20221130-2149\jars\commons-cli-1.4.jar
2024-06-22 14:51:11,215 [Worker-15: Launching mavenrun-80307c7b-f33b-4642-b3a1-19374cff1ac6] INFO  o.eclipse.m2e.core.internal.Bundles - 	Entry: C:\Users\DELL\.p2\pool\plugins\org.eclipse.m2e.maven.runtime_3.8.604.20221130-2149\jars\commons-io-2.6.jar
2024-06-22 14:51:11,216 [Worker-15: Launching mavenrun-80307c7b-f33b-4642-b3a1-19374cff1ac6] INFO  o.eclipse.m2e.core.internal.Bundles - 	Entry: C:\Users\DELL\.p2\pool\plugins\org.eclipse.m2e.maven.runtime_3.8.604.20221130-2149\jars\commons-lang3-3.8.1.jar
2024-06-22 14:51:11,216 [Worker-15: Launching mavenrun-80307c7b-f33b-4642-b3a1-19374cff1ac6] INFO  o.eclipse.m2e.core.internal.Bundles - 	Entry: C:\Users\DELL\.p2\pool\plugins\org.eclipse.m2e.maven.runtime_3.8.604.20221130-2149\jars\guice-4.2.2-no_aop.jar
2024-06-22 14:51:11,216 [Worker-15: Launching mavenrun-80307c7b-f33b-4642-b3a1-19374cff1ac6] INFO  o.eclipse.m2e.core.internal.Bundles - 	Entry: C:\Users\DELL\.p2\pool\plugins\org.eclipse.m2e.maven.runtime_3.8.604.20221130-2149\jars\jansi-2.4.0.jar
2024-06-22 14:51:11,216 [Worker-15: Launching mavenrun-80307c7b-f33b-4642-b3a1-19374cff1ac6] INFO  o.eclipse.m2e.core.internal.Bundles - 	Entry: C:\Users\DELL\.p2\pool\plugins\org.eclipse.m2e.maven.runtime_3.8.604.20221130-2149\jars\maven-artifact-3.8.6.jar
2024-06-22 14:51:11,216 [Worker-15: Launching mavenrun-80307c7b-f33b-4642-b3a1-19374cff1ac6] INFO  o.eclipse.m2e.core.internal.Bundles - 	Entry: C:\Users\DELL\.p2\pool\plugins\org.eclipse.m2e.maven.runtime_3.8.604.20221130-2149\jars\maven-builder-support-3.8.6.jar
2024-06-22 14:51:11,217 [Worker-15: Launching mavenrun-80307c7b-f33b-4642-b3a1-19374cff1ac6] INFO  o.eclipse.m2e.core.internal.Bundles - 	Entry: C:\Users\DELL\.p2\pool\plugins\org.eclipse.m2e.maven.runtime_3.8.604.20221130-2149\jars\maven-compat-3.8.6.jar
2024-06-22 14:51:11,217 [Worker-15: Launching mavenrun-80307c7b-f33b-4642-b3a1-19374cff1ac6] INFO  o.eclipse.m2e.core.internal.Bundles - 	Entry: C:\Users\DELL\.p2\pool\plugins\org.eclipse.m2e.maven.runtime_3.8.604.20221130-2149\jars\maven-core-3.8.6.jar
2024-06-22 14:51:11,217 [Worker-15: Launching mavenrun-80307c7b-f33b-4642-b3a1-19374cff1ac6] INFO  o.eclipse.m2e.core.internal.Bundles - 	Entry: C:\Users\DELL\.p2\pool\plugins\org.eclipse.m2e.maven.runtime_3.8.604.20221130-2149\jars\maven-embedder-3.8.6.jar
2024-06-22 14:51:11,217 [Worker-15: Launching mavenrun-80307c7b-f33b-4642-b3a1-19374cff1ac6] INFO  o.eclipse.m2e.core.internal.Bundles - 	Entry: C:\Users\DELL\.p2\pool\plugins\org.eclipse.m2e.maven.runtime_3.8.604.20221130-2149\jars\maven-model-3.8.6.jar
2024-06-22 14:51:11,217 [Worker-15: Launching mavenrun-80307c7b-f33b-4642-b3a1-19374cff1ac6] INFO  o.eclipse.m2e.core.internal.Bundles - 	Entry: C:\Users\DELL\.p2\pool\plugins\org.eclipse.m2e.maven.runtime_3.8.604.20221130-2149\jars\maven-model-builder-3.8.6.jar
2024-06-22 14:51:11,218 [Worker-15: Launching mavenrun-80307c7b-f33b-4642-b3a1-19374cff1ac6] INFO  o.eclipse.m2e.core.internal.Bundles - 	Entry: C:\Users\DELL\.p2\pool\plugins\org.eclipse.m2e.maven.runtime_3.8.604.20221130-2149\jars\maven-plugin-api-3.8.6.jar
2024-06-22 14:51:11,218 [Worker-15: Launching mavenrun-80307c7b-f33b-4642-b3a1-19374cff1ac6] INFO  o.eclipse.m2e.core.internal.Bundles - 	Entry: C:\Users\DELL\.p2\pool\plugins\org.eclipse.m2e.maven.runtime_3.8.604.20221130-2149\jars\maven-repository-metadata-3.8.6.jar
2024-06-22 14:51:11,218 [Worker-15: Launching mavenrun-80307c7b-f33b-4642-b3a1-19374cff1ac6] INFO  o.eclipse.m2e.core.internal.Bundles - 	Entry: C:\Users\DELL\.p2\pool\plugins\org.eclipse.m2e.maven.runtime_3.8.604.20221130-2149\jars\maven-resolver-api-1.6.3.jar
2024-06-22 14:51:11,218 [Worker-15: Launching mavenrun-80307c7b-f33b-4642-b3a1-19374cff1ac6] INFO  o.eclipse.m2e.core.internal.Bundles - 	Entry: C:\Users\DELL\.p2\pool\plugins\org.eclipse.m2e.maven.runtime_3.8.604.20221130-2149\jars\maven-resolver-connector-basic-1.6.3.jar
2024-06-22 14:51:11,219 [Worker-15: Launching mavenrun-80307c7b-f33b-4642-b3a1-19374cff1ac6] INFO  o.eclipse.m2e.core.internal.Bundles - 	Entry: C:\Users\DELL\.p2\pool\plugins\org.eclipse.m2e.maven.runtime_3.8.604.20221130-2149\jars\maven-resolver-impl-1.6.3.jar
2024-06-22 14:51:11,219 [Worker-15: Launching mavenrun-80307c7b-f33b-4642-b3a1-19374cff1ac6] INFO  o.eclipse.m2e.core.internal.Bundles - 	Entry: C:\Users\DELL\.p2\pool\plugins\org.eclipse.m2e.maven.runtime_3.8.604.20221130-2149\jars\maven-resolver-provider-3.8.6.jar
2024-06-22 14:51:11,219 [Worker-15: Launching mavenrun-80307c7b-f33b-4642-b3a1-19374cff1ac6] INFO  o.eclipse.m2e.core.internal.Bundles - 	Entry: C:\Users\DELL\.p2\pool\plugins\org.eclipse.m2e.maven.runtime_3.8.604.20221130-2149\jars\maven-resolver-spi-1.6.3.jar
2024-06-22 14:51:11,219 [Worker-15: Launching mavenrun-80307c7b-f33b-4642-b3a1-19374cff1ac6] INFO  o.eclipse.m2e.core.internal.Bundles - 	Entry: C:\Users\DELL\.p2\pool\plugins\org.eclipse.m2e.maven.runtime_3.8.604.20221130-2149\jars\maven-resolver-transport-wagon-1.6.3.jar
2024-06-22 14:51:11,219 [Worker-15: Launching mavenrun-80307c7b-f33b-4642-b3a1-19374cff1ac6] INFO  o.eclipse.m2e.core.internal.Bundles - 	Entry: C:\Users\DELL\.p2\pool\plugins\org.eclipse.m2e.maven.runtime_3.8.604.20221130-2149\jars\maven-resolver-util-1.6.3.jar
2024-06-22 14:51:11,219 [Worker-15: Launching mavenrun-80307c7b-f33b-4642-b3a1-19374cff1ac6] INFO  o.eclipse.m2e.core.internal.Bundles - 	Entry: C:\Users\DELL\.p2\pool\plugins\org.eclipse.m2e.maven.runtime_3.8.604.20221130-2149\jars\maven-settings-3.8.6.jar
2024-06-22 14:51:11,220 [Worker-15: Launching mavenrun-80307c7b-f33b-4642-b3a1-19374cff1ac6] INFO  o.eclipse.m2e.core.internal.Bundles - 	Entry: C:\Users\DELL\.p2\pool\plugins\org.eclipse.m2e.maven.runtime_3.8.604.20221130-2149\jars\maven-settings-builder-3.8.6.jar
2024-06-22 14:51:11,220 [Worker-15: Launching mavenrun-80307c7b-f33b-4642-b3a1-19374cff1ac6] INFO  o.eclipse.m2e.core.internal.Bundles - 	Entry: C:\Users\DELL\.p2\pool\plugins\org.eclipse.m2e.maven.runtime_3.8.604.20221130-2149\jars\maven-shared-utils-3.3.4.jar
2024-06-22 14:51:11,220 [Worker-15: Launching mavenrun-80307c7b-f33b-4642-b3a1-19374cff1ac6] INFO  o.eclipse.m2e.core.internal.Bundles - 	Entry: C:\Users\DELL\.p2\pool\plugins\org.eclipse.m2e.maven.runtime_3.8.604.20221130-2149\jars\okhttp-3.14.1.jar
2024-06-22 14:51:11,220 [Worker-15: Launching mavenrun-80307c7b-f33b-4642-b3a1-19374cff1ac6] INFO  o.eclipse.m2e.core.internal.Bundles - 	Entry: C:\Users\DELL\.p2\pool\plugins\org.eclipse.m2e.maven.runtime_3.8.604.20221130-2149\jars\okio-1.17.3.jar
2024-06-22 14:51:11,220 [Worker-15: Launching mavenrun-80307c7b-f33b-4642-b3a1-19374cff1ac6] INFO  o.eclipse.m2e.core.internal.Bundles - 	Entry: C:\Users\DELL\.p2\pool\plugins\org.eclipse.m2e.maven.runtime_3.8.604.20221130-2149\jars\org.eclipse.sisu.inject-0.3.5.jar
2024-06-22 14:51:11,221 [Worker-15: Launching mavenrun-80307c7b-f33b-4642-b3a1-19374cff1ac6] INFO  o.eclipse.m2e.core.internal.Bundles - 	Entry: C:\Users\DELL\.p2\pool\plugins\org.eclipse.m2e.maven.runtime_3.8.604.20221130-2149\jars\org.eclipse.sisu.plexus-0.3.5.jar
2024-06-22 14:51:11,221 [Worker-15: Launching mavenrun-80307c7b-f33b-4642-b3a1-19374cff1ac6] INFO  o.eclipse.m2e.core.internal.Bundles - 	Entry: C:\Users\DELL\.p2\pool\plugins\org.eclipse.m2e.maven.runtime_3.8.604.20221130-2149\jars\plexus-build-api-0.0.7.jar
2024-06-22 14:51:11,221 [Worker-15: Launching mavenrun-80307c7b-f33b-4642-b3a1-19374cff1ac6] INFO  o.eclipse.m2e.core.internal.Bundles - 	Entry: C:\Users\DELL\.p2\pool\plugins\org.eclipse.m2e.maven.runtime_3.8.604.20221130-2149\jars\plexus-cipher-2.0.jar
2024-06-22 14:51:11,221 [Worker-15: Launching mavenrun-80307c7b-f33b-4642-b3a1-19374cff1ac6] INFO  o.eclipse.m2e.core.internal.Bundles - 	Entry: C:\Users\DELL\.p2\pool\plugins\org.eclipse.m2e.maven.runtime_3.8.604.20221130-2149\jars\plexus-classworlds-2.6.0.jar
2024-06-22 14:51:11,222 [Worker-15: Launching mavenrun-80307c7b-f33b-4642-b3a1-19374cff1ac6] INFO  o.eclipse.m2e.core.internal.Bundles - 	Entry: C:\Users\DELL\.p2\pool\plugins\org.eclipse.m2e.maven.runtime_3.8.604.20221130-2149\jars\plexus-component-annotations-2.1.0.jar
2024-06-22 14:51:11,222 [Worker-15: Launching mavenrun-80307c7b-f33b-4642-b3a1-19374cff1ac6] INFO  o.eclipse.m2e.core.internal.Bundles - 	Entry: C:\Users\DELL\.p2\pool\plugins\org.eclipse.m2e.maven.runtime_3.8.604.20221130-2149\jars\plexus-interpolation-1.26.jar
2024-06-22 14:51:11,222 [Worker-15: Launching mavenrun-80307c7b-f33b-4642-b3a1-19374cff1ac6] INFO  o.eclipse.m2e.core.internal.Bundles - 	Entry: C:\Users\DELL\.p2\pool\plugins\org.eclipse.m2e.maven.runtime_3.8.604.20221130-2149\jars\plexus-sec-dispatcher-2.0.jar
2024-06-22 14:51:11,222 [Worker-15: Launching mavenrun-80307c7b-f33b-4642-b3a1-19374cff1ac6] INFO  o.eclipse.m2e.core.internal.Bundles - 	Entry: C:\Users\DELL\.p2\pool\plugins\org.eclipse.m2e.maven.runtime_3.8.604.20221130-2149\jars\plexus-utils-3.3.1.jar
2024-06-22 14:51:11,222 [Worker-15: Launching mavenrun-80307c7b-f33b-4642-b3a1-19374cff1ac6] INFO  o.eclipse.m2e.core.internal.Bundles - 	Entry: C:\Users\DELL\.p2\pool\plugins\org.eclipse.m2e.maven.runtime_3.8.604.20221130-2149\jars\wagon-file-3.5.1.jar
2024-06-22 14:51:11,223 [Worker-15: Launching mavenrun-80307c7b-f33b-4642-b3a1-19374cff1ac6] INFO  o.eclipse.m2e.core.internal.Bundles - 	Entry: C:\Users\DELL\.p2\pool\plugins\org.eclipse.m2e.maven.runtime_3.8.604.20221130-2149\jars\wagon-provider-api-3.5.1.jar
2024-06-22 14:51:11,225 [Worker-15: Launching mavenrun-80307c7b-f33b-4642-b3a1-19374cff1ac6] INFO  o.eclipse.m2e.core.internal.Bundles - getClasspathEntries(Bundle=com.google.guava_30.1.0.v20221112-0806 [8])
2024-06-22 14:51:11,226 [Worker-15: Launching mavenrun-80307c7b-f33b-4642-b3a1-19374cff1ac6] INFO  o.eclipse.m2e.core.internal.Bundles - 	Entry: C:\Users\DELL\.p2\pool\plugins\com.google.guava_30.1.0.v20221112-0806.jar
2024-06-22 14:51:11,226 [Worker-15: Launching mavenrun-80307c7b-f33b-4642-b3a1-19374cff1ac6] INFO  o.eclipse.m2e.core.internal.Bundles - getClasspathEntries(Bundle=slf4j.api_1.7.36 [431])
2024-06-22 14:51:11,228 [Worker-15: Launching mavenrun-80307c7b-f33b-4642-b3a1-19374cff1ac6] INFO  o.eclipse.m2e.core.internal.Bundles - 	Entry: C:\Users\DELL\.p2\pool\plugins\slf4j.api_1.7.36.jar
2024-06-22 14:51:11,228 [Worker-15: Launching mavenrun-80307c7b-f33b-4642-b3a1-19374cff1ac6] INFO  o.eclipse.m2e.core.internal.Bundles - getClasspathEntries(Bundle=javax.inject_1.0.0.v20220405-0441 [18])
2024-06-22 14:51:11,229 [Worker-15: Launching mavenrun-80307c7b-f33b-4642-b3a1-19374cff1ac6] INFO  o.eclipse.m2e.core.internal.Bundles - 	Entry: C:\Users\DELL\.p2\pool\plugins\javax.inject_1.0.0.v20220405-0441.jar
2024-06-22 14:51:11,230 [Worker-15: Launching mavenrun-80307c7b-f33b-4642-b3a1-19374cff1ac6] INFO  o.eclipse.m2e.core.internal.Bundles - getClasspathEntries(Bundle=javax.annotation_1.3.5.v20221112-0806 [16])
2024-06-22 14:51:11,231 [Worker-15: Launching mavenrun-80307c7b-f33b-4642-b3a1-19374cff1ac6] INFO  o.eclipse.m2e.core.internal.Bundles - 	Entry: C:\Users\DELL\.p2\pool\plugins\javax.annotation_1.3.5.v20221112-0806.jar
2024-06-22 14:51:11,240 [Worker-15: Launching mavenrun-80307c7b-f33b-4642-b3a1-19374cff1ac6] INFO  o.e.m.i.launch.MavenLaunchDelegate - Run build in "C:\Users\DELL\AppData\Local\Temp\m2e-archetypeGenerator6549436691923639454":
2024-06-22 14:51:11,245 [Worker-15: Launching mavenrun-80307c7b-f33b-4642-b3a1-19374cff1ac6] INFO  o.e.m.i.launch.MavenLaunchDelegate -  mvn  -DarchetypeGroupId=ar.edu.unlp.info.oo1 -DarchetypeArtifactId=objetos-uno -DarchetypeVersion=1.0.0 -DgroupId=ar.edu.unlp.info.oo1 -DartifactId=OO1 -Dversion=0.0.1-SNAPSHOT -Dpackage=ar.edu.unlp.info.oo1.OO1 -DoutputDirectory=C:\Users\DELL\Desktop\Facultad\Github-DerDAVO\OO1-Workspace -Dstyle.color=always -U archetype:generate
2024-06-22 14:51:55,102 [Worker-13: Creating objetos-uno] INFO  o.e.m.c.i.p.ProjectConfigurationManager - Collecting project info '/pom.xml' C:\Users\DELL\Desktop\Facultad\Github-DerDAVO\OO1-Workspace\OO1\pom.xml
2024-06-22 14:51:56,087 [Worker-13: Creating objetos-uno] INFO  o.e.m.c.i.l.LifecycleMappingFactory - Using org.eclipse.m2e.jdt.JarLifecycleMapping lifecycle mapping for MavenProject: ar.edu.unlp.info.oo1:OO1:0.0.1-SNAPSHOT @ C:\Users\DELL\Desktop\Facultad\Github-DerDAVO\OO1-Workspace\OO1\pom.xml.
2024-06-22 14:51:57,182 [Worker-13: Creating objetos-uno] INFO  o.e.m.j.i.AbstractJavaProjectConfigurator - Adding source folder /OO1/src/main/java
2024-06-22 14:51:57,184 [Worker-13: Creating objetos-uno] INFO  o.e.m.j.i.AbstractJavaProjectConfigurator - Adding source folder /OO1/src/test/java
2024-06-22 14:51:57,287 [Worker-13: Creating objetos-uno] INFO  o.e.m.c.i.p.ProjectConfigurationManager - Imported and configured 1 project(s) in 2 sec
2024-06-22 14:51:58,820 [Worker-14: Building] INFO  o.e.m.c.i.embedder.EclipseLogger - Using 'UTF-8' encoding to copy filtered resources.
2024-06-22 14:51:58,821 [Worker-14: Building] INFO  o.e.m.c.i.embedder.EclipseLogger - skip non existing resourceDirectory C:\Users\DELL\Desktop\Facultad\Github-DerDAVO\OO1-Workspace\OO1\src\main\resources
2024-06-22 14:51:58,824 [Worker-14: Building] INFO  o.e.m.c.i.embedder.EclipseLogger - Using 'UTF-8' encoding to copy filtered resources.
2024-06-22 14:51:58,824 [Worker-14: Building] INFO  o.e.m.c.i.embedder.EclipseLogger - skip non existing resourceDirectory C:\Users\DELL\Desktop\Facultad\Github-DerDAVO\OO1-Workspace\OO1\src\test\resources
2024-06-22 14:52:24,840 [Worker-17: Building] INFO  o.e.m.c.i.embedder.EclipseLogger - Using 'UTF-8' encoding to copy filtered resources.
2024-06-22 14:52:24,842 [Worker-17: Building] INFO  o.e.m.c.i.embedder.EclipseLogger - skip non existing resourceDirectory C:\Users\DELL\Desktop\Facultad\Github-DerDAVO\OO1-Workspace\OO1\src\main\resources
2024-06-22 14:52:24,848 [Worker-17: Building] INFO  o.e.m.c.i.embedder.EclipseLogger - Using 'UTF-8' encoding to copy filtered resources.
2024-06-22 14:52:24,849 [Worker-17: Building] INFO  o.e.m.c.i.embedder.EclipseLogger - skip non existing resourceDirectory C:\Users\DELL\Desktop\Facultad\Github-DerDAVO\OO1-Workspace\OO1\src\test\resources
2024-06-22 14:52:25,869 [Worker-9: Building] INFO  o.e.m.c.i.embedder.EclipseLogger - Using 'UTF-8' encoding to copy filtered resources.
2024-06-22 14:52:25,869 [Worker-9: Building] INFO  o.e.m.c.i.embedder.EclipseLogger - skip non existing resourceDirectory C:\Users\DELL\Desktop\Facultad\Github-DerDAVO\OO1-Workspace\OO1\src\main\resources
2024-06-22 14:52:25,871 [Worker-9: Building] INFO  o.e.m.c.i.embedder.EclipseLogger - Using 'UTF-8' encoding to copy filtered resources.
2024-06-22 14:52:25,872 [Worker-9: Building] INFO  o.e.m.c.i.embedder.EclipseLogger - skip non existing resourceDirectory C:\Users\DELL\Desktop\Facultad\Github-DerDAVO\OO1-Workspace\OO1\src\test\resources
2024-06-22 14:52:42,848 [Worker-17: Building] INFO  o.e.m.c.i.embedder.EclipseLogger - Using 'UTF-8' encoding to copy filtered resources.
2024-06-22 14:52:42,848 [Worker-17: Building] INFO  o.e.m.c.i.embedder.EclipseLogger - skip non existing resourceDirectory C:\Users\DELL\Desktop\Facultad\Github-DerDAVO\OO1-Workspace\OO1\src\main\resources
2024-06-22 14:52:42,851 [Worker-17: Building] INFO  o.e.m.c.i.embedder.EclipseLogger - Using 'UTF-8' encoding to copy filtered resources.
2024-06-22 14:52:42,852 [Worker-17: Building] INFO  o.e.m.c.i.embedder.EclipseLogger - skip non existing resourceDirectory C:\Users\DELL\Desktop\Facultad\Github-DerDAVO\OO1-Workspace\OO1\src\test\resources
2024-06-22 14:55:03,931 [Worker-18: Building] INFO  o.e.m.c.i.embedder.EclipseLogger - Using 'UTF-8' encoding to copy filtered resources.
2024-06-22 14:55:03,932 [Worker-18: Building] INFO  o.e.m.c.i.embedder.EclipseLogger - skip non existing resourceDirectory C:\Users\DELL\Desktop\Facultad\Github-DerDAVO\OO1-Workspace\OO1\src\main\resources
2024-06-22 14:55:03,934 [Worker-18: Building] INFO  o.e.m.c.i.embedder.EclipseLogger - Using 'UTF-8' encoding to copy filtered resources.
2024-06-22 14:55:03,935 [Worker-18: Building] INFO  o.e.m.c.i.embedder.EclipseLogger - skip non existing resourceDirectory C:\Users\DELL\Desktop\Facultad\Github-DerDAVO\OO1-Workspace\OO1\src\test\resources
2024-06-22 14:55:15,672 [Worker-17: Building] INFO  o.e.m.c.i.embedder.EclipseLogger - Using 'UTF-8' encoding to copy filtered resources.
2024-06-22 14:55:15,672 [Worker-17: Building] INFO  o.e.m.c.i.embedder.EclipseLogger - skip non existing resourceDirectory C:\Users\DELL\Desktop\Facultad\Github-DerDAVO\OO1-Workspace\OO1\src\main\resources
2024-06-22 14:55:15,676 [Worker-17: Building] INFO  o.e.m.c.i.embedder.EclipseLogger - Using 'UTF-8' encoding to copy filtered resources.
2024-06-22 14:55:15,676 [Worker-17: Building] INFO  o.e.m.c.i.embedder.EclipseLogger - skip non existing resourceDirectory C:\Users\DELL\Desktop\Facultad\Github-DerDAVO\OO1-Workspace\OO1\src\test\resources
2024-06-22 14:55:24,659 [Worker-17: Building] INFO  o.e.m.c.i.embedder.EclipseLogger - Using 'UTF-8' encoding to copy filtered resources.
2024-06-22 14:55:24,659 [Worker-17: Building] INFO  o.e.m.c.i.embedder.EclipseLogger - skip non existing resourceDirectory C:\Users\DELL\Desktop\Facultad\Github-DerDAVO\OO1-Workspace\OO1\src\main\resources
2024-06-22 14:55:24,664 [Worker-17: Building] INFO  o.e.m.c.i.embedder.EclipseLogger - Using 'UTF-8' encoding to copy filtered resources.
2024-06-22 14:55:24,665 [Worker-17: Building] INFO  o.e.m.c.i.embedder.EclipseLogger - skip non existing resourceDirectory C:\Users\DELL\Desktop\Facultad\Github-DerDAVO\OO1-Workspace\OO1\src\test\resources
2024-06-22 14:55:56,404 [Worker-9: Building] INFO  o.e.m.c.i.embedder.EclipseLogger - Using 'UTF-8' encoding to copy filtered resources.
2024-06-22 14:55:56,409 [Worker-9: Building] INFO  o.e.m.c.i.embedder.EclipseLogger - skip non existing resourceDirectory C:\Users\DELL\Desktop\Facultad\Github-DerDAVO\OO1-Workspace\OO1\src\main\resources
2024-06-22 14:55:56,411 [Worker-9: Building] INFO  o.e.m.c.i.embedder.EclipseLogger - Using 'UTF-8' encoding to copy filtered resources.
2024-06-22 14:55:56,412 [Worker-9: Building] INFO  o.e.m.c.i.embedder.EclipseLogger - skip non existing resourceDirectory C:\Users\DELL\Desktop\Facultad\Github-DerDAVO\OO1-Workspace\OO1\src\test\resources
2024-06-24 17:08:55,895 [Worker-0: Loading available Gradle versions] INFO  o.e.b.c.i.u.g.PublishedGradleVersions - Gradle version information cache is out-of-date. Trying to update.
2024-06-24 17:10:20,076 [Worker-9: Building] INFO  o.e.m.c.i.embedder.EclipseLogger - Using 'UTF-8' encoding to copy filtered resources.
2024-06-24 17:10:20,079 [Worker-9: Building] INFO  o.e.m.c.i.embedder.EclipseLogger - skip non existing resourceDirectory C:\Users\DELL\Desktop\Facultad\Github-DerDAVO\OO1-Workspace\OO1\src\main\resources
2024-06-24 17:10:20,084 [Worker-9: Building] INFO  o.e.m.c.i.embedder.EclipseLogger - Using 'UTF-8' encoding to copy filtered resources.
2024-06-24 17:10:20,084 [Worker-9: Building] INFO  o.e.m.c.i.embedder.EclipseLogger - skip non existing resourceDirectory C:\Users\DELL\Desktop\Facultad\Github-DerDAVO\OO1-Workspace\OO1\src\test\resources
2024-06-24 17:10:28,820 [Worker-12: Building] INFO  o.e.m.c.i.embedder.EclipseLogger - Using 'UTF-8' encoding to copy filtered resources.
2024-06-24 17:10:28,821 [Worker-12: Building] INFO  o.e.m.c.i.embedder.EclipseLogger - skip non existing resourceDirectory C:\Users\DELL\Desktop\Facultad\Github-DerDAVO\OO1-Workspace\OO1\src\main\resources
2024-06-24 17:10:28,830 [Worker-12: Building] INFO  o.e.m.c.i.embedder.EclipseLogger - Using 'UTF-8' encoding to copy filtered resources.
2024-06-24 17:10:28,831 [Worker-12: Building] INFO  o.e.m.c.i.embedder.EclipseLogger - skip non existing resourceDirectory C:\Users\DELL\Desktop\Facultad\Github-DerDAVO\OO1-Workspace\OO1\src\test\resources
2024-06-24 17:11:25,401 [Worker-3: Building] INFO  o.e.m.c.i.embedder.EclipseLogger - Using 'UTF-8' encoding to copy filtered resources.
2024-06-24 17:11:25,401 [Worker-3: Building] INFO  o.e.m.c.i.embedder.EclipseLogger - skip non existing resourceDirectory C:\Users\DELL\Desktop\Facultad\Github-DerDAVO\OO1-Workspace\OO1\src\main\resources
2024-06-24 17:11:25,408 [Worker-3: Building] INFO  o.e.m.c.i.embedder.EclipseLogger - Using 'UTF-8' encoding to copy filtered resources.
2024-06-24 17:11:25,409 [Worker-3: Building] INFO  o.e.m.c.i.embedder.EclipseLogger - skip non existing resourceDirectory C:\Users\DELL\Desktop\Facultad\Github-DerDAVO\OO1-Workspace\OO1\src\test\resources
2024-06-24 17:14:48,002 [Worker-11: Building] INFO  o.e.m.c.i.embedder.EclipseLogger - Using 'UTF-8' encoding to copy filtered resources.
2024-06-24 17:14:48,002 [Worker-11: Building] INFO  o.e.m.c.i.embedder.EclipseLogger - skip non existing resourceDirectory C:\Users\DELL\Desktop\Facultad\Github-DerDAVO\OO1-Workspace\OO1\src\main\resources
2024-06-24 17:14:48,009 [Worker-11: Building] INFO  o.e.m.c.i.embedder.EclipseLogger - Using 'UTF-8' encoding to copy filtered resources.
2024-06-24 17:14:48,010 [Worker-11: Building] INFO  o.e.m.c.i.embedder.EclipseLogger - skip non existing resourceDirectory C:\Users\DELL\Desktop\Facultad\Github-DerDAVO\OO1-Workspace\OO1\src\test\resources
2024-06-24 17:15:50,301 [Worker-11: Building] INFO  o.e.m.c.i.embedder.EclipseLogger - Using 'UTF-8' encoding to copy filtered resources.
2024-06-24 17:15:50,301 [Worker-11: Building] INFO  o.e.m.c.i.embedder.EclipseLogger - skip non existing resourceDirectory C:\Users\DELL\Desktop\Facultad\Github-DerDAVO\OO1-Workspace\OO1\src\main\resources
2024-06-24 17:15:50,305 [Worker-11: Building] INFO  o.e.m.c.i.embedder.EclipseLogger - Using 'UTF-8' encoding to copy filtered resources.
2024-06-24 17:15:50,305 [Worker-11: Building] INFO  o.e.m.c.i.embedder.EclipseLogger - skip non existing resourceDirectory C:\Users\DELL\Desktop\Facultad\Github-DerDAVO\OO1-Workspace\OO1\src\test\resources
2024-06-24 17:18:19,351 [Worker-8: Building] INFO  o.e.m.c.i.embedder.EclipseLogger - Using 'UTF-8' encoding to copy filtered resources.
2024-06-24 17:18:19,351 [Worker-8: Building] INFO  o.e.m.c.i.embedder.EclipseLogger - skip non existing resourceDirectory C:\Users\DELL\Desktop\Facultad\Github-DerDAVO\OO1-Workspace\OO1\src\main\resources
2024-06-24 17:18:19,356 [Worker-8: Building] INFO  o.e.m.c.i.embedder.EclipseLogger - Using 'UTF-8' encoding to copy filtered resources.
2024-06-24 17:18:19,356 [Worker-8: Building] INFO  o.e.m.c.i.embedder.EclipseLogger - skip non existing resourceDirectory C:\Users\DELL\Desktop\Facultad\Github-DerDAVO\OO1-Workspace\OO1\src\test\resources
2024-06-24 17:19:16,924 [Worker-8: Building] INFO  o.e.m.c.i.embedder.EclipseLogger - Using 'UTF-8' encoding to copy filtered resources.
2024-06-24 17:19:16,924 [Worker-8: Building] INFO  o.e.m.c.i.embedder.EclipseLogger - skip non existing resourceDirectory C:\Users\DELL\Desktop\Facultad\Github-DerDAVO\OO1-Workspace\OO1\src\main\resources
2024-06-24 17:19:16,927 [Worker-8: Building] INFO  o.e.m.c.i.embedder.EclipseLogger - Using 'UTF-8' encoding to copy filtered resources.
2024-06-24 17:19:16,927 [Worker-8: Building] INFO  o.e.m.c.i.embedder.EclipseLogger - skip non existing resourceDirectory C:\Users\DELL\Desktop\Facultad\Github-DerDAVO\OO1-Workspace\OO1\src\test\resources
2024-06-24 17:22:12,052 [Worker-11: Building] INFO  o.e.m.c.i.embedder.EclipseLogger - Using 'UTF-8' encoding to copy filtered resources.
2024-06-24 17:22:12,055 [Worker-11: Building] INFO  o.e.m.c.i.embedder.EclipseLogger - skip non existing resourceDirectory C:\Users\DELL\Desktop\Facultad\Github-DerDAVO\OO1-Workspace\OO1\src\main\resources
2024-06-24 17:22:12,064 [Worker-11: Building] INFO  o.e.m.c.i.embedder.EclipseLogger - Using 'UTF-8' encoding to copy filtered resources.
2024-06-24 17:22:12,065 [Worker-11: Building] INFO  o.e.m.c.i.embedder.EclipseLogger - skip non existing resourceDirectory C:\Users\DELL\Desktop\Facultad\Github-DerDAVO\OO1-Workspace\OO1\src\test\resources
2024-06-24 17:23:47,198 [Worker-11: Building] INFO  o.e.m.c.i.embedder.EclipseLogger - Using 'UTF-8' encoding to copy filtered resources.
2024-06-24 17:23:47,198 [Worker-11: Building] INFO  o.e.m.c.i.embedder.EclipseLogger - skip non existing resourceDirectory C:\Users\DELL\Desktop\Facultad\Github-DerDAVO\OO1-Workspace\OO1\src\main\resources
2024-06-24 17:23:47,201 [Worker-11: Building] INFO  o.e.m.c.i.embedder.EclipseLogger - Using 'UTF-8' encoding to copy filtered resources.
2024-06-24 17:23:47,201 [Worker-11: Building] INFO  o.e.m.c.i.embedder.EclipseLogger - skip non existing resourceDirectory C:\Users\DELL\Desktop\Facultad\Github-DerDAVO\OO1-Workspace\OO1\src\test\resources
2024-06-24 17:54:33,604 [Worker-17: Building] INFO  o.e.m.c.i.embedder.EclipseLogger - Using 'UTF-8' encoding to copy filtered resources.
2024-06-24 17:54:33,605 [Worker-17: Building] INFO  o.e.m.c.i.embedder.EclipseLogger - skip non existing resourceDirectory C:\Users\DELL\Desktop\Facultad\Github-DerDAVO\OO1-Workspace\OO1\src\main\resources
2024-06-24 17:54:33,608 [Worker-17: Building] INFO  o.e.m.c.i.embedder.EclipseLogger - Using 'UTF-8' encoding to copy filtered resources.
2024-06-24 17:54:33,609 [Worker-17: Building] INFO  o.e.m.c.i.embedder.EclipseLogger - skip non existing resourceDirectory C:\Users\DELL\Desktop\Facultad\Github-DerDAVO\OO1-Workspace\OO1\src\test\resources
2024-06-24 17:55:02,677 [Worker-19: Building] INFO  o.e.m.c.i.embedder.EclipseLogger - Using 'UTF-8' encoding to copy filtered resources.
2024-06-24 17:55:02,677 [Worker-19: Building] INFO  o.e.m.c.i.embedder.EclipseLogger - skip non existing resourceDirectory C:\Users\DELL\Desktop\Facultad\Github-DerDAVO\OO1-Workspace\OO1\src\main\resources
2024-06-24 17:55:02,680 [Worker-19: Building] INFO  o.e.m.c.i.embedder.EclipseLogger - Using 'UTF-8' encoding to copy filtered resources.
2024-06-24 17:55:02,681 [Worker-19: Building] INFO  o.e.m.c.i.embedder.EclipseLogger - skip non existing resourceDirectory C:\Users\DELL\Desktop\Facultad\Github-DerDAVO\OO1-Workspace\OO1\src\test\resources
2024-06-24 18:16:56,784 [Worker-20: Building] INFO  o.e.m.c.i.embedder.EclipseLogger - Using 'UTF-8' encoding to copy filtered resources.
2024-06-24 18:16:56,785 [Worker-20: Building] INFO  o.e.m.c.i.embedder.EclipseLogger - skip non existing resourceDirectory C:\Users\DELL\Desktop\Facultad\Github-DerDAVO\OO1-Workspace\OO1\src\main\resources
2024-06-24 18:16:56,790 [Worker-20: Building] INFO  o.e.m.c.i.embedder.EclipseLogger - Using 'UTF-8' encoding to copy filtered resources.
2024-06-24 18:16:56,791 [Worker-20: Building] INFO  o.e.m.c.i.embedder.EclipseLogger - skip non existing resourceDirectory C:\Users\DELL\Desktop\Facultad\Github-DerDAVO\OO1-Workspace\OO1\src\test\resources
2024-06-24 18:17:33,817 [Worker-19: Building] INFO  o.e.m.c.i.embedder.EclipseLogger - Using 'UTF-8' encoding to copy filtered resources.
2024-06-24 18:17:33,818 [Worker-19: Building] INFO  o.e.m.c.i.embedder.EclipseLogger - skip non existing resourceDirectory C:\Users\DELL\Desktop\Facultad\Github-DerDAVO\OO1-Workspace\OO1\src\main\resources
2024-06-24 18:17:33,821 [Worker-19: Building] INFO  o.e.m.c.i.embedder.EclipseLogger - Using 'UTF-8' encoding to copy filtered resources.
2024-06-24 18:17:33,822 [Worker-19: Building] INFO  o.e.m.c.i.embedder.EclipseLogger - skip non existing resourceDirectory C:\Users\DELL\Desktop\Facultad\Github-DerDAVO\OO1-Workspace\OO1\src\test\resources
2024-06-24 18:18:20,612 [Worker-20: Building] INFO  o.e.m.c.i.embedder.EclipseLogger - Using 'UTF-8' encoding to copy filtered resources.
2024-06-24 18:18:20,612 [Worker-20: Building] INFO  o.e.m.c.i.embedder.EclipseLogger - skip non existing resourceDirectory C:\Users\DELL\Desktop\Facultad\Github-DerDAVO\OO1-Workspace\OO1\src\main\resources
2024-06-24 18:18:20,615 [Worker-20: Building] INFO  o.e.m.c.i.embedder.EclipseLogger - Using 'UTF-8' encoding to copy filtered resources.
2024-06-24 18:18:20,615 [Worker-20: Building] INFO  o.e.m.c.i.embedder.EclipseLogger - skip non existing resourceDirectory C:\Users\DELL\Desktop\Facultad\Github-DerDAVO\OO1-Workspace\OO1\src\test\resources
2024-06-24 18:35:00,566 [Worker-23: Building] INFO  o.e.m.c.i.embedder.EclipseLogger - Using 'UTF-8' encoding to copy filtered resources.
2024-06-24 18:35:00,567 [Worker-23: Building] INFO  o.e.m.c.i.embedder.EclipseLogger - skip non existing resourceDirectory C:\Users\DELL\Desktop\Facultad\Github-DerDAVO\OO1-Workspace\OO1\src\main\resources
2024-06-24 18:35:00,570 [Worker-23: Building] INFO  o.e.m.c.i.embedder.EclipseLogger - Using 'UTF-8' encoding to copy filtered resources.
2024-06-24 18:35:00,570 [Worker-23: Building] INFO  o.e.m.c.i.embedder.EclipseLogger - skip non existing resourceDirectory C:\Users\DELL\Desktop\Facultad\Github-DerDAVO\OO1-Workspace\OO1\src\test\resources
2024-06-24 18:35:02,730 [Worker-22: Building] INFO  o.e.m.c.i.embedder.EclipseLogger - Using 'UTF-8' encoding to copy filtered resources.
2024-06-24 18:35:02,730 [Worker-22: Building] INFO  o.e.m.c.i.embedder.EclipseLogger - skip non existing resourceDirectory C:\Users\DELL\Desktop\Facultad\Github-DerDAVO\OO1-Workspace\OO1\src\main\resources
2024-06-24 18:35:02,734 [Worker-22: Building] INFO  o.e.m.c.i.embedder.EclipseLogger - Using 'UTF-8' encoding to copy filtered resources.
2024-06-24 18:35:02,734 [Worker-22: Building] INFO  o.e.m.c.i.embedder.EclipseLogger - skip non existing resourceDirectory C:\Users\DELL\Desktop\Facultad\Github-DerDAVO\OO1-Workspace\OO1\src\test\resources
2024-06-24 19:00:34,375 [Worker-22: Building] INFO  o.e.m.c.i.embedder.EclipseLogger - Using 'UTF-8' encoding to copy filtered resources.
2024-06-24 19:00:34,376 [Worker-22: Building] INFO  o.e.m.c.i.embedder.EclipseLogger - skip non existing resourceDirectory C:\Users\DELL\Desktop\Facultad\Github-DerDAVO\OO1-Workspace\OO1\src\main\resources
2024-06-24 19:00:34,379 [Worker-22: Building] INFO  o.e.m.c.i.embedder.EclipseLogger - Using 'UTF-8' encoding to copy filtered resources.
2024-06-24 19:00:34,380 [Worker-22: Building] INFO  o.e.m.c.i.embedder.EclipseLogger - skip non existing resourceDirectory C:\Users\DELL\Desktop\Facultad\Github-DerDAVO\OO1-Workspace\OO1\src\test\resources
2024-06-26 11:30:24,393 [Worker-1: Loading available Gradle versions] INFO  o.e.b.c.i.u.g.PublishedGradleVersions - Gradle version information cache is out-of-date. Trying to update.
